<?xml version="1.0" encoding="UTF-8"?>
<!-- Generated by org.testng.reporters.JUnitReportReporter -->
<testsuite hostname="DESKTOP-0N4EONN" failures="0" tests="1" name="ProjectTestNG.Prog9_TestNG_Assertion" time="32.007" errors="0" timestamp="2023-02-07T22:21:12 IST" skipped="0">
  <testcase classname="ProjectTestNG.Prog9_TestNG_Assertion" name="testCase1" time="32.007"/>
  <system-out/>
</testsuite> <!-- ProjectTestNG.Prog9_TestNG_Assertion -->
