<?xml version="1.0" encoding="UTF-8"?>
<!-- Generated by org.testng.reporters.JUnitReportReporter -->
<testsuite hostname="DESKTOP-0N4EONN" failures="0" tests="1" name="ProjectTestNG.Prog9_TestNG_Assertion2_ExceptionHandling" time="0.044" errors="0" timestamp="2023-02-07T22:21:12 IST" skipped="0">
  <testcase classname="ProjectTestNG.Prog9_TestNG_Assertion2_ExceptionHandling" name="testCase2" time="0.044"/>
  <system-out/>
</testsuite> <!-- ProjectTestNG.Prog9_TestNG_Assertion2_ExceptionHandling -->
