<?xml version="1.0" encoding="UTF-8"?>
<!-- Generated by org.testng.reporters.JUnitReportReporter -->
<testsuite hostname="DESKTOP-0N4EONN" failures="0" tests="4" name="ProjectTestNG.Prog3_TestNG_Priority" time="0.039" errors="0" timestamp="2023-02-07T18:12:37 IST" skipped="0">
  <testcase classname="ProjectTestNG.Prog3_TestNG_Priority" name="a" time="0.025"/>
  <system-out/>
  <testcase classname="ProjectTestNG.Prog3_TestNG_Priority" name="c" time="0.003"/>
  <system-out/>
  <testcase classname="ProjectTestNG.Prog3_TestNG_Priority" name="d" time="0.004"/>
  <system-out/>
  <testcase classname="ProjectTestNG.Prog3_TestNG_Priority" name="b" time="0.007"/>
  <system-out/>
</testsuite> <!-- ProjectTestNG.Prog3_TestNG_Priority -->
