<?xml version="1.0" encoding="UTF-8"?>
<!-- Generated by org.testng.reporters.JUnitReportReporter -->
<testsuite hostname="DESKTOP-0N4EONN" failures="0" tests="5" name="ProjectTestNG.Prog4_TestNG_SkipRepeat" time="0.023" errors="0" timestamp="2023-02-07T22:21:12 IST" skipped="2">
  <testcase classname="ProjectTestNG.Prog4_TestNG_SkipRepeat" name="c" time="0.002"/>
  <system-out/>
  <testcase classname="ProjectTestNG.Prog4_TestNG_SkipRepeat" name="e" time="0.008">
    <skipped/>
  </testcase> <!-- e -->
  <system-out/>
  <testcase classname="ProjectTestNG.Prog4_TestNG_SkipRepeat" name="c" time="0.010"/>
  <system-out/>
  <testcase classname="ProjectTestNG.Prog4_TestNG_SkipRepeat" name="c" time="0.003"/>
  <system-out/>
  <testcase classname="ProjectTestNG.Prog4_TestNG_SkipRepeat" name="b">
    <skipped/>
  </testcase> <!-- b -->
  <system-out/>
</testsuite> <!-- ProjectTestNG.Prog4_TestNG_SkipRepeat -->
