<?xml version="1.0" encoding="UTF-8"?>
<!-- Generated by org.testng.reporters.JUnitReportReporter -->
<testsuite hostname="DESKTOP-0N4EONN" failures="0" tests="4" name="ProjectTestNG.Prog2_TestNG_AlphaNumericSequncing" time="0.015" errors="0" timestamp="2023-02-07T22:21:12 IST" skipped="0">
  <testcase classname="ProjectTestNG.Prog2_TestNG_AlphaNumericSequncing" name="aab" time="0.003"/>
  <system-out/>
  <testcase classname="ProjectTestNG.Prog2_TestNG_AlphaNumericSequncing" name="ab" time="0.002"/>
  <system-out/>
  <testcase classname="ProjectTestNG.Prog2_TestNG_AlphaNumericSequncing" name="a3" time="0.003"/>
  <system-out/>
  <testcase classname="ProjectTestNG.Prog2_TestNG_AlphaNumericSequncing" name="a0" time="0.007"/>
  <system-out/>
</testsuite> <!-- ProjectTestNG.Prog2_TestNG_AlphaNumericSequncing -->
