<?xml version="1.0" encoding="UTF-8"?>
<!-- Generated by org.testng.reporters.JUnitReportReporter -->
<testsuite hostname="DESKTOP-0N4EONN" failures="0" tests="4" name="ProjectTestNG.Prog5_TestNG_SkipRepeatPriority" time="0.006" errors="0" timestamp="2023-02-07T22:21:12 IST" skipped="1">
  <testcase classname="ProjectTestNG.Prog5_TestNG_SkipRepeatPriority" name="c" time="0.002"/>
  <system-out/>
  <testcase classname="ProjectTestNG.Prog5_TestNG_SkipRepeatPriority" name="a" time="0.001"/>
  <system-out/>
  <testcase classname="ProjectTestNG.Prog5_TestNG_SkipRepeatPriority" name="c" time="0.003"/>
  <system-out/>
  <testcase classname="ProjectTestNG.Prog5_TestNG_SkipRepeatPriority" name="b">
    <skipped/>
  </testcase> <!-- b -->
  <system-out/>
</testsuite> <!-- ProjectTestNG.Prog5_TestNG_SkipRepeatPriority -->
