<?xml version="1.0" encoding="UTF-8"?>
<!-- Generated by org.testng.reporters.JUnitReportReporter -->
<testsuite hostname="DESKTOP-0N4EONN" failures="0" tests="1" name="ProjectTestNG.ExceptionHandling" time="0.008" errors="0" timestamp="2023-02-13T11:47:53 IST" skipped="0">
  <testcase classname="ProjectTestNG.ExceptionHandling" name="abc" time="0.008"/>
  <system-out/>
</testsuite> <!-- ProjectTestNG.ExceptionHandling -->
