<?xml version="1.0" encoding="UTF-8"?>
<!-- Generated by org.testng.reporters.JUnitReportReporter -->
<testsuite hostname="DESKTOP-0N4EONN" failures="0" tests="2" name="ProjectTestNG.Prog1_TestNG1" time="0.017" errors="0" timestamp="2023-02-07T22:21:12 IST" skipped="0">
  <testcase classname="ProjectTestNG.Prog1_TestNG1" name="a" time="0.012"/>
  <system-out/>
  <testcase classname="ProjectTestNG.Prog1_TestNG1" name="a1" time="0.005"/>
  <system-out/>
</testsuite> <!-- ProjectTestNG.Prog1_TestNG1 -->
